<?xml version="1.0" encoding="UTF-8"?>
<testsuite name="org.hyperskill.calculator.tip.ExampleUnitTest" tests="8" skipped="0" failures="0" errors="0" timestamp="2021-03-06T11:39:27" hostname="DESKTOP-H1FKXA" time="13.547">
  <properties/>
  <testcase name="testShouldCheckSliderListenerLast" classname="org.hyperskill.calculator.tip.ExampleUnitTest" time="10.397"/>
  <testcase name="testShouldCheckEditTextListenerFirst" classname="org.hyperskill.calculator.tip.ExampleUnitTest" time="0.563"/>
  <testcase name="testShouldCheckTextViewExist" classname="org.hyperskill.calculator.tip.ExampleUnitTest" time="0.487"/>
  <testcase name="testShouldCheckSliderExist" classname="org.hyperskill.calculator.tip.ExampleUnitTest" time="0.436"/>
  <testcase name="testShouldCheckSliderListenerFirst" classname="org.hyperskill.calculator.tip.ExampleUnitTest" time="0.478"/>
  <testcase name="testShouldCheckEditTextExist" classname="org.hyperskill.calculator.tip.ExampleUnitTest" time="0.368"/>
  <testcase name="testShouldCheckEditTextListenerLast" classname="org.hyperskill.calculator.tip.ExampleUnitTest" time="0.438"/>
  <testcase name="testShouldCheckLongJustForFun" classname="org.hyperskill.calculator.tip.ExampleUnitTest" time="0.378"/>
  <system-out><![CDATA[[Robolectric] org.hyperskill.calculator.tip.ExampleUnitTest.testShouldCheckSliderListenerLast: sdk=28; resources=BINARY
Called loadFromPath(/system/framework/framework-res.apk, true); mode=binary sdk=28
[Robolectric] org.hyperskill.calculator.tip.ExampleUnitTest.testShouldCheckEditTextListenerFirst: sdk=28; resources=BINARY
[Robolectric] org.hyperskill.calculator.tip.ExampleUnitTest.testShouldCheckTextViewExist: sdk=28; resources=BINARY
[Robolectric] org.hyperskill.calculator.tip.ExampleUnitTest.testShouldCheckSliderExist: sdk=28; resources=BINARY
[Robolectric] org.hyperskill.calculator.tip.ExampleUnitTest.testShouldCheckSliderListenerFirst: sdk=28; resources=BINARY
[Robolectric] org.hyperskill.calculator.tip.ExampleUnitTest.testShouldCheckEditTextExist: sdk=28; resources=BINARY
[Robolectric] org.hyperskill.calculator.tip.ExampleUnitTest.testShouldCheckEditTextListenerLast: sdk=28; resources=BINARY
[Robolectric] org.hyperskill.calculator.tip.ExampleUnitTest.testShouldCheckLongJustForFun: sdk=28; resources=BINARY
]]></system-out>
  <system-err><![CDATA[[Robolectric] WARN: Android SDK 29 requires Java 9 (have Java 8). Tests won't be run on SDK 29 unless explicitly requested.
]]></system-err>
</testsuite>
